<?xml version="1.0" encoding="UTF-8"?>
<!-- Generated by org.testng.reporters.JUnitReportReporter -->
<testsuite skipped="0" hostname="Dell" name="testcases.TC003_CreateLead" tests="1" failures="0" timestamp="21 Jul 2018 08:14:20 GMT" time="36.470" errors="0">
  <testcase name="createLead" time="36.470" classname="testcases.TC003_CreateLead"/>
</testsuite> <!-- testcases.TC003_CreateLead -->
